__main__ 2023-04-25 09:52:26,732 INFO Testing the custom logger for module __main__...
__main__ 2023-04-25 09:52:26,738 INFO Запускаем asyncio.run(main()
__main__ 2023-04-25 09:52:27,303 INFO Начало процесса
__main__ 2023-04-25 09:52:27,304 INFO Создали задачи и ждем через команду asyncio.gather
__main__ 2023-04-25 09:52:27,305 INFO Получаем капчу от гибдд для АХ09534
__main__ 2023-04-25 09:52:27,306 INFO Получаем капчу от гибдд для АХ09434
__main__ 2023-04-25 09:52:27,307 INFO Получаем капчу от гибдд для АХ09634
__main__ 2023-04-25 09:52:27,307 INFO Получаем капчу от гибдд для М607ОХ134
__main__ 2023-04-25 09:52:27,359 INFO Решаем капчу для АХ09534
__main__ 2023-04-25 09:52:27,359 INFO Пробуем создать изображение из капчи АХ09534
__main__ 2023-04-25 09:52:27,361 INFO Запрос к anticaptcha для АХ09534
__main__ 2023-04-25 09:52:27,361 INFO Внутри catpcha_func() для АХ09534
__main__ 2023-04-25 09:52:27,369 INFO Решаем капчу для АХ09434
__main__ 2023-04-25 09:52:27,369 INFO Пробуем создать изображение из капчи АХ09434
__main__ 2023-04-25 09:52:27,370 INFO Запрос к anticaptcha для АХ09434
__main__ 2023-04-25 09:52:27,371 INFO Внутри catpcha_func() для АХ09434
__main__ 2023-04-25 09:52:35,127 INFO Решение 91383 для АХ09534
__main__ 2023-04-25 09:52:35,128 INFO Делаем финальный запрос в гибдд для АХ09534
__main__ 2023-04-25 09:52:35,266 INFO Ответ гибдд записан в бд: 200 {'requestTime': '25.04.2023 09:52', 'RequestResult': {'diagnosticCards': [{'dcExpirationDate': '2023-05-24', 'pointAddress': 'Москва Город, Москва г., Высоковольтный проезд., дом 1А, ', 'chassis': '', 'body': 'Z94C241ABMR211340', 'operatorName': '10486', 'pdfBase64': None, 'odometerValue': '115387', 'dcNumber': '104861012201536', 'dcDate': '2022-05-24', 'previousDcs': [{'odometerValue': '15902', 'dcExpirationDate': '2022-06-01', 'dcNumber': '104861012101305', 'dcDate': '2021-06-01'}], 'success': True, 'vin': 'Z94C241ABMR211340', 'model': 'Rio', 'brand': 'KIA'}], 'error': None, 'status': 'OK'}, 'hostname': 'h6-check0-dc', 'vin': 'Z94C241ABMR211340', 'status': 200} АХ09534
__main__ 2023-04-25 09:52:41,280 INFO Решение 39138 для АХ09434
__main__ 2023-04-25 09:52:41,280 INFO Делаем финальный запрос в гибдд для АХ09434
